Temp/gradleOut/launcher/build/intermediates/manifest_merge_blame_file/debug/manifest-merger-blame-debug-report.txt
1<?xml version="1.0" encoding="utf-8"?>
2<!-- GENERATED BY UNITY. REMOVE THIS COMMENT TO PREVENT OVERWRITING WHEN EXPORTING AGAIN -->
3<manifest xmlns:android="http://schemas.android.com/apk/res/android"
4    package="com.caCorp.caAnchor"
5    android:installLocation="preferExternal"
6    android:versionCode="1"
7    android:versionName="1.0" >
8
9    <uses-sdk
10        android:minSdkVersion="24"
10-->src\main\AndroidManifest.xml
11        android:targetSdkVersion="29" />
11-->src\main\AndroidManifest.xml
12
13    <supports-screens
13-->src\main\AndroidManifest.xml:4:3-163
14        android:anyDensity="true"
14-->src\main\AndroidManifest.xml:4:135-160
15        android:largeScreens="true"
15-->src\main\AndroidManifest.xml:4:78-105
16        android:normalScreens="true"
16-->src\main\AndroidManifest.xml:4:49-77
17        android:smallScreens="true"
17-->src\main\AndroidManifest.xml:4:21-48
18        android:xlargeScreens="true" />
18-->src\main\AndroidManifest.xml:4:106-134
19
20    <uses-feature android:glEsVersion="0x00030000" />
20-->[:unityLibrary] AndroidManifest.xml:20:5-54
20-->[:unityLibrary] AndroidManifest.xml:20:19-51
21
22    <uses-permission android:name="android.permission.CAMERA" />
22-->[:unityLibrary] AndroidManifest.xml:22:5-65
22-->[:unityLibrary] AndroidManifest.xml:22:22-62
23    <uses-permission android:name="android.permission.INTERNET" />
23-->[:unityLibrary] AndroidManifest.xml:23:5-67
23-->[:unityLibrary] AndroidManifest.xml:23:22-64
24    <!--
25     Limits app visibility in the Google Play Store to ARCore supported devices
26     (https://developers.google.com/ar/devices).
27    -->
28    <uses-feature
28-->[:unityLibrary] AndroidManifest.xml:28:5-30:35
29        android:name="android.hardware.camera.ar"
29-->[:unityLibrary] AndroidManifest.xml:29:9-50
30        android:required="true" />
30-->[:unityLibrary] AndroidManifest.xml:30:9-32
31    <uses-feature
31-->[:unityLibrary] AndroidManifest.xml:31:5-33:36
32        android:name="android.hardware.touchscreen"
32-->[:unityLibrary] AndroidManifest.xml:32:9-52
33        android:required="false" />
33-->[:unityLibrary] AndroidManifest.xml:33:9-33
34    <uses-feature
34-->[:unityLibrary] AndroidManifest.xml:34:5-36:36
35        android:name="android.hardware.touchscreen.multitouch"
35-->[:unityLibrary] AndroidManifest.xml:35:9-63
36        android:required="false" />
36-->[:unityLibrary] AndroidManifest.xml:36:9-33
37    <uses-feature
37-->[:unityLibrary] AndroidManifest.xml:37:5-39:36
38        android:name="android.hardware.touchscreen.multitouch.distinct"
38-->[:unityLibrary] AndroidManifest.xml:38:9-72
39        android:required="false" />
39-->[:unityLibrary] AndroidManifest.xml:39:9-33
40    <uses-feature android:name="com.google.ar.core.depth" />
40-->[:unityLibrary] AndroidManifest.xml:40:5-61
40-->[:unityLibrary] AndroidManifest.xml:40:19-58
41
42    <uses-permission android:name="android.permission.CHANGE_WIFI_MULTICAST_STATE" />
42-->[:unityLibrary] AndroidManifest.xml:42:5-86
42-->[:unityLibrary] AndroidManifest.xml:42:22-83
43
44    <queries>
44-->[:arcore_client:] AndroidManifest.xml:29:5-31:15
45        <package android:name="com.google.ar.core" />
45-->[:arcore_client:] AndroidManifest.xml:30:9-54
45-->[:arcore_client:] AndroidManifest.xml:30:18-51
46    </queries>
47
48    <application
48-->src\main\AndroidManifest.xml:5:3-116
49        android:debuggable="true"
50        android:extractNativeLibs="true"
50-->src\main\AndroidManifest.xml:5:16-48
51        android:icon="@mipmap/app_icon"
51-->src\main\AndroidManifest.xml:5:82-113
52        android:label="@string/app_name"
52-->src\main\AndroidManifest.xml:5:49-81
53        android:theme="@style/UnityThemeSelector" >
53-->[:unityLibrary] AndroidManifest.xml:47:9-50
54        <activity
54-->[:unityLibrary] AndroidManifest.xml:48:9-68:20
55            android:name="com.unity3d.player.UnityPlayerActivity"
55-->[:unityLibrary] AndroidManifest.xml:49:13-66
56            android:configChanges="mcc|mnc|locale|touchscreen|keyboard|keyboardHidden|navigation|orientation|screenLayout|uiMode|screenSize|smallestScreenSize|fontScale|layoutDirection|density"
56-->[:unityLibrary] AndroidManifest.xml:50:13-194
57            android:exported="true"
57-->[:unityLibrary] AndroidManifest.xml:51:13-36
58            android:hardwareAccelerated="false"
58-->[:unityLibrary] AndroidManifest.xml:52:13-48
59            android:label="@string/app_name"
59-->[:unityLibrary] AndroidManifest.xml:53:13-45
60            android:launchMode="singleTask"
60-->[:unityLibrary] AndroidManifest.xml:54:13-44
61            android:screenOrientation="fullSensor" >
61-->[:unityLibrary] AndroidManifest.xml:55:13-51
62            <intent-filter>
62-->[:unityLibrary] AndroidManifest.xml:56:13-60:29
63                <action android:name="android.intent.action.MAIN" />
63-->[:unityLibrary] AndroidManifest.xml:57:17-69
63-->[:unityLibrary] AndroidManifest.xml:57:25-66
64
65                <category android:name="android.intent.category.LAUNCHER" />
65-->[:unityLibrary] AndroidManifest.xml:59:17-77
65-->[:unityLibrary] AndroidManifest.xml:59:27-74
66            </intent-filter>
67
68            <meta-data
68-->[:unityLibrary] AndroidManifest.xml:62:13-64:40
69                android:name="unityplayer.UnityActivity"
69-->[:unityLibrary] AndroidManifest.xml:63:17-57
70                android:value="true" />
70-->[:unityLibrary] AndroidManifest.xml:64:17-37
71            <meta-data
71-->[:unityLibrary] AndroidManifest.xml:65:13-67:40
72                android:name="android.notch_support"
72-->[:unityLibrary] AndroidManifest.xml:66:17-53
73                android:value="true" />
73-->[:unityLibrary] AndroidManifest.xml:67:17-37
74        </activity>
75        <!--
76       "AR Required" app, requires "Google Play Services for AR" (ARCore)
77       to be installed, as the app does not include any non-AR features.
78        -->
79        <meta-data
79-->[:unityLibrary] AndroidManifest.xml:73:9-75:40
80            android:name="com.google.ar.core"
80-->[:unityLibrary] AndroidManifest.xml:74:13-46
81            android:value="required" />
81-->[:unityLibrary] AndroidManifest.xml:75:13-37
82        <meta-data
82-->[:unityLibrary] AndroidManifest.xml:76:9-78:71
83            android:name="com.google.android.ar.API_KEY"
83-->[:unityLibrary] AndroidManifest.xml:77:13-57
84            android:value="AIzaSyBcawe53Szp6a7GTcFI1K3vc5bLRL_Wh3Y" />
84-->[:unityLibrary] AndroidManifest.xml:78:13-68
85        <meta-data
85-->[:unityLibrary] AndroidManifest.xml:79:9-81:36
86            android:name="unity.tango-enable"
86-->[:unityLibrary] AndroidManifest.xml:80:13-46
87            android:value="True" />
87-->[:unityLibrary] AndroidManifest.xml:81:13-33
88        <meta-data
88-->[:unityLibrary] AndroidManifest.xml:82:9-84:36
89            android:name="unityplayer.SkipPermissionsDialog"
89-->[:unityLibrary] AndroidManifest.xml:83:13-61
90            android:value="true" />
90-->[:unityLibrary] AndroidManifest.xml:84:13-33
91        <meta-data
91-->[:unityLibrary] AndroidManifest.xml:85:9-87:68
92            android:name="unity.build-id"
92-->[:unityLibrary] AndroidManifest.xml:86:13-42
93            android:value="e644cb5d-246e-4191-a6f6-da36728a8028" />
93-->[:unityLibrary] AndroidManifest.xml:87:13-65
94        <meta-data
94-->[:unityLibrary] AndroidManifest.xml:88:9-90:33
95            android:name="unity.splash-mode"
95-->[:unityLibrary] AndroidManifest.xml:89:13-45
96            android:value="0" />
96-->[:unityLibrary] AndroidManifest.xml:90:13-30
97        <meta-data
97-->[:unityLibrary] AndroidManifest.xml:91:9-93:36
98            android:name="unity.splash-enable"
98-->[:unityLibrary] AndroidManifest.xml:92:13-47
99            android:value="True" />
99-->[:unityLibrary] AndroidManifest.xml:93:13-33
100        <meta-data
100-->[:unityLibrary] AndroidManifest.xml:94:9-96:36
101            android:name="unity.arcore-enable"
101-->[:unityLibrary] AndroidManifest.xml:95:13-47
102            android:value="true" />
102-->[:unityLibrary] AndroidManifest.xml:96:13-33
103        <meta-data
103-->[:unityLibrary] AndroidManifest.xml:97:9-99:50
104            android:name="notch.config"
104-->[:unityLibrary] AndroidManifest.xml:98:13-40
105            android:value="portrait|landscape" /> <!-- The minimal version code of ARCore APK required for an app using this SDK. -->
105-->[:unityLibrary] AndroidManifest.xml:99:13-47
106        <meta-data
106-->[:arcore_client:] AndroidManifest.xml:36:9-38:41
107            android:name="com.google.ar.core.min_apk_version"
107-->[:arcore_client:] AndroidManifest.xml:37:13-62
108            android:value="210210000" /> <!-- This activity is critical for installing ARCore when it is not already present. -->
108-->[:arcore_client:] AndroidManifest.xml:38:13-38
109        <activity
109-->[:arcore_client:] AndroidManifest.xml:40:9-46:80
110            android:name="com.google.ar.core.InstallActivity"
110-->[:arcore_client:] AndroidManifest.xml:41:13-62
111            android:configChanges="keyboardHidden|orientation|screenSize"
111-->[:arcore_client:] AndroidManifest.xml:42:13-74
112            android:excludeFromRecents="true"
112-->[:arcore_client:] AndroidManifest.xml:43:13-46
113            android:exported="false"
113-->[:arcore_client:] AndroidManifest.xml:44:13-37
114            android:launchMode="singleTop"
114-->[:arcore_client:] AndroidManifest.xml:45:13-43
115            android:theme="@android:style/Theme.Material.Light.Dialog.Alert" />
115-->[:arcore_client:] AndroidManifest.xml:46:13-77
116    </application>
117
118</manifest>